2017-11-14 10:38:14,486  INFO [main] o.r.Reflections - Reflections took 397 ms to scan 1 urls, producing 263 keys and 4721 values  
2017-11-14 10:38:24,889  INFO [rally-pec-system-akka.actor.default-dispatcher-6] ACCESS-LOG - GET /api-docs/ui status=304 responseTime=319534 
2017-11-14 10:38:24,932  INFO [rally-pec-system-akka.actor.default-dispatcher-2] ACCESS-LOG - GET /api-docs/swagger-ui-standalone-preset.js status=304 responseTime=4045 
2017-11-14 10:38:24,933  INFO [rally-pec-system-akka.actor.default-dispatcher-6] ACCESS-LOG - GET /api-docs/swagger-ui-bundle.js status=304 responseTime=5078 
2017-11-14 10:38:24,932  INFO [rally-pec-system-akka.actor.default-dispatcher-4] ACCESS-LOG - GET /api-docs/swagger-ui.css status=304 responseTime=3307 
2017-11-14 10:38:27,677  INFO [rally-pec-system-akka.actor.default-dispatcher-14] ACCESS-LOG - GET /api-docs/swagger.json status=200 responseTime=1728344 
2017-11-14 10:44:22,622  INFO [main] o.r.Reflections - Reflections took 589 ms to scan 1 urls, producing 263 keys and 4721 values  
2017-11-14 11:18:49,258  INFO [main] o.r.Reflections - Reflections took 473 ms to scan 1 urls, producing 263 keys and 4721 values  
2017-11-14 11:19:03,070  INFO [rally-pec-system-akka.actor.default-dispatcher-3] ACCESS-LOG - GET /api-docs/ui status=304 responseTime=331840 
2017-11-14 11:19:05,844  INFO [rally-pec-system-akka.actor.default-dispatcher-8] ACCESS-LOG - GET /api-docs/swagger.json status=200 responseTime=1687900 
2017-11-14 11:19:27,337  INFO [rally-pec-system-akka.actor.default-dispatcher-2] ACCESS-LOG - GET /user/wer/servicepacks status=200 responseTime=3528217 
2017-11-14 11:20:41,958  INFO [rally-pec-system-akka.actor.default-dispatcher-12] ACCESS-LOG - GET /user/wer/servicepacks status=200 responseTime=1918097 
2017-11-14 11:21:13,350  INFO [rally-pec-system-akka.actor.default-dispatcher-7] ACCESS-LOG - GET /health/ping status=200 responseTime=4879 
2017-11-14 11:23:36,852  INFO [main] o.r.Reflections - Reflections took 386 ms to scan 1 urls, producing 263 keys and 4721 values  
2017-11-14 11:23:50,750  INFO [rally-pec-system-akka.actor.default-dispatcher-7] ACCESS-LOG - GET /user/wer/servicepacks status=200 responseTime=3869519 
2017-11-14 11:27:36,497  INFO [main] o.r.Reflections - Reflections took 612 ms to scan 1 urls, producing 263 keys and 4721 values  
2017-11-14 11:27:44,185  INFO [rally-pec-system-akka.actor.default-dispatcher-5] ACCESS-LOG - GET /user/wer/servicepacks status=200 responseTime=2103192 
2017-11-14 13:06:28,167  INFO [rally-pec-system-akka.actor.default-dispatcher-9] ACCESS-LOG - GET /health/ping status=200 responseTime=40241 
2017-11-14 13:06:36,011  INFO [rally-pec-system-akka.actor.default-dispatcher-9] ACCESS-LOG - GET /health/ping status=200 responseTime=812 
2017-11-14 13:06:36,819  INFO [rally-pec-system-akka.actor.default-dispatcher-10] ACCESS-LOG - GET /health/ping status=200 responseTime=1296 
2017-11-14 13:06:53,000  INFO [rally-pec-system-akka.actor.default-dispatcher-9] ACCESS-LOG - GET /user/sdf/servicepacks status=200 responseTime=2748356 
2017-11-14 13:23:38,908  INFO [main] o.r.Reflections - Reflections took 424 ms to scan 1 urls, producing 263 keys and 4721 values  
2017-11-14 13:23:55,409  INFO [rally-pec-system-akka.actor.default-dispatcher-10] ACCESS-LOG - GET /api-docs/ui status=200 responseTime=236583 
2017-11-14 13:23:55,480  INFO [rally-pec-system-akka.actor.default-dispatcher-2] ACCESS-LOG - GET /api-docs/swagger-ui-standalone-preset.js status=200 responseTime=7199 
2017-11-14 13:23:55,480  INFO [rally-pec-system-akka.actor.default-dispatcher-8] ACCESS-LOG - GET /api-docs/swagger-ui.css status=200 responseTime=6823 
2017-11-14 13:23:55,494  INFO [rally-pec-system-akka.actor.default-dispatcher-6] ACCESS-LOG - GET /api-docs/swagger-ui-bundle.js status=200 responseTime=23103 
2017-11-14 13:23:57,645  INFO [rally-pec-system-akka.actor.default-dispatcher-2] ACCESS-LOG - GET /api-docs/swagger.json status=200 responseTime=1200889 
2017-11-14 13:24:26,904  INFO [rally-pec-system-akka.actor.default-dispatcher-28] ACCESS-LOG - GET /user/Zaphkiel/servicepacks status=200 responseTime=62737 
2017-11-14 14:44:05,297  INFO [main] o.r.Reflections - Reflections took 601 ms to scan 1 urls, producing 263 keys and 4721 values  
2017-11-14 14:44:12,221  INFO [rally-pec-system-akka.actor.default-dispatcher-9] ACCESS-LOG - GET /api-docs/ui status=304 responseTime=183473 
2017-11-14 14:44:12,277  INFO [rally-pec-system-akka.actor.default-dispatcher-9] ACCESS-LOG - GET /api-docs/swagger-ui-standalone-preset.js status=304 responseTime=4081 
2017-11-14 14:44:12,284  INFO [rally-pec-system-akka.actor.default-dispatcher-2] ACCESS-LOG - GET /api-docs/swagger-ui-bundle.js status=304 responseTime=2541 
2017-11-14 14:44:12,286  INFO [rally-pec-system-akka.actor.default-dispatcher-6] ACCESS-LOG - GET /api-docs/swagger-ui.css status=304 responseTime=15118 
2017-11-14 14:44:14,499  INFO [rally-pec-system-akka.actor.default-dispatcher-6] ACCESS-LOG - GET /api-docs/swagger.json status=200 responseTime=1213178 
2017-11-14 14:46:28,323  INFO [main] o.r.Reflections - Reflections took 463 ms to scan 1 urls, producing 263 keys and 4721 values  
2017-11-14 14:46:33,601  INFO [rally-pec-system-akka.actor.default-dispatcher-9] ACCESS-LOG - GET /api-docs/ui status=304 responseTime=164679 
2017-11-14 14:46:35,746  INFO [rally-pec-system-akka.actor.default-dispatcher-8] ACCESS-LOG - GET /api-docs/swagger.json status=200 responseTime=1268986 
2017-11-14 14:46:45,722  INFO [rally-pec-system-akka.actor.default-dispatcher-9] ACCESS-LOG - GET /user/asdad/servicepacks status=200 responseTime=1678571 
2017-11-14 14:48:01,413  INFO [main] o.r.Reflections - Reflections took 445 ms to scan 1 urls, producing 263 keys and 4721 values  
2017-11-14 14:48:07,064  INFO [rally-pec-system-akka.actor.default-dispatcher-8] ACCESS-LOG - GET /api-docs/ui status=304 responseTime=186200 
2017-11-14 14:48:08,963  INFO [rally-pec-system-akka.actor.default-dispatcher-3] ACCESS-LOG - GET /api-docs/swagger.json status=200 responseTime=1018178 
2017-11-14 14:48:21,111  INFO [rally-pec-system-akka.actor.default-dispatcher-12] ACCESS-LOG - GET /user/zxcvx/servicepacks status=200 responseTime=3093045 
2017-11-14 15:03:38,988  INFO [main] o.r.Reflections - Reflections took 605 ms to scan 1 urls, producing 263 keys and 4721 values  
2017-11-14 15:03:50,771  INFO [rally-pec-system-akka.actor.default-dispatcher-3] ACCESS-LOG - GET /user/zxcvx/servicepacks status=200 responseTime=4904135 
2017-11-14 15:08:05,305  INFO [main] o.r.Reflections - Reflections took 611 ms to scan 1 urls, producing 263 keys and 4721 values  
2017-11-14 15:08:18,673  INFO [rally-pec-system-akka.actor.default-dispatcher-6] ACCESS-LOG - GET /user/zxcvx/servicepacks status=200 responseTime=3510539 
2017-11-14 15:09:28,405  INFO [main] o.r.Reflections - Reflections took 494 ms to scan 1 urls, producing 263 keys and 4721 values  
2017-11-14 15:09:46,890  INFO [rally-pec-system-akka.actor.default-dispatcher-6] ACCESS-LOG - GET /user/zxcvx/servicepacks status=200 responseTime=4366400 
2017-11-14 15:10:19,830  INFO [main] o.r.Reflections - Reflections took 353 ms to scan 1 urls, producing 263 keys and 4721 values  
2017-11-14 15:12:16,058  INFO [rally-pec-system-akka.actor.default-dispatcher-4] ACCESS-LOG - GET /user/zxcvx/servicepacks status=200 responseTime=96359507 
2017-11-14 15:12:43,011  INFO [main] o.r.Reflections - Reflections took 358 ms to scan 1 urls, producing 263 keys and 4721 values  
2017-11-14 15:13:12,557  INFO [rally-pec-system-akka.actor.default-dispatcher-7] ACCESS-LOG - GET /user/zxcvx/servicepacks status=200 responseTime=22539820 
2017-11-14 15:35:28,570  INFO [main] o.r.Reflections - Reflections took 342 ms to scan 1 urls, producing 265 keys and 4733 values  
2017-11-14 15:35:43,064  INFO [rally-pec-system-akka.actor.default-dispatcher-7] ACCESS-LOG - GET /user/zxcvx/servicepacks status=500 responseTime=5004270 
2017-11-14 16:01:07,363  INFO [main] o.r.Reflections - Reflections took 413 ms to scan 1 urls, producing 268 keys and 4743 values  
2017-11-14 16:01:32,853  INFO [rally-pec-system-akka.actor.default-dispatcher-2] ACCESS-LOG - GET /user/zxcvx/servicepacks status=500 responseTime=2288263 
2017-11-14 16:03:07,822  INFO [rally-pec-system-akka.actor.default-dispatcher-8] ACCESS-LOG - GET /user/zxcvx/servicepacks status=500 responseTime=1440165 
2017-11-14 16:15:54,984  INFO [main] o.r.Reflections - Reflections took 420 ms to scan 1 urls, producing 264 keys and 4727 values  
2017-11-14 16:16:03,158  INFO [rally-pec-system-akka.actor.default-dispatcher-4] ACCESS-LOG - GET /user/zxcvx/servicepacks status=200 responseTime=476001 
2017-11-14 16:18:45,938  INFO [main] o.r.Reflections - Reflections took 483 ms to scan 1 urls, producing 264 keys and 4727 values  
2017-11-14 16:18:57,183  INFO [rally-pec-system-akka.actor.default-dispatcher-3] ACCESS-LOG - GET /user/zxcvx/servicepacks status=200 responseTime=4915545 
2017-11-14 16:57:46,355  INFO [main] o.r.Reflections - Reflections took 712 ms to scan 1 urls, producing 264 keys and 4727 values  
2017-11-14 16:57:56,756  INFO [rally-pec-system-akka.actor.default-dispatcher-4] ACCESS-LOG - GET /user/zxcvx/servicepacks status=200 responseTime=4515522 
2017-11-14 16:58:53,305  INFO [main] o.r.Reflections - Reflections took 432 ms to scan 1 urls, producing 264 keys and 4727 values  
2017-11-14 16:59:02,859  INFO [rally-pec-system-akka.actor.default-dispatcher-6] ACCESS-LOG - GET /user/zxcvx/servicepacks status=200 responseTime=2194049 
2017-11-14 17:05:53,670  INFO [main] o.r.Reflections - Reflections took 322 ms to scan 1 urls, producing 264 keys and 4727 values  
2017-11-14 17:06:13,424  INFO [rally-pec-system-akka.actor.default-dispatcher-3] ACCESS-LOG - GET /user/zxcvx/servicepacks status=200 responseTime=2063256 
2017-11-14 17:06:26,025  INFO [rally-pec-system-akka.actor.default-dispatcher-3] ACCESS-LOG - GET /user/zxcvx/servicepacks status=200 responseTime=903321 
2017-11-14 17:06:36,804  INFO [rally-pec-system-akka.actor.default-dispatcher-3] ACCESS-LOG - GET /api-docs/ui status=200 responseTime=72902 
2017-11-14 17:06:36,856  INFO [rally-pec-system-akka.actor.default-dispatcher-6] ACCESS-LOG - GET /api-docs/swagger-ui.css status=200 responseTime=8660 
2017-11-14 17:06:36,868  INFO [rally-pec-system-akka.actor.default-dispatcher-9] ACCESS-LOG - GET /api-docs/swagger-ui-bundle.js status=200 responseTime=7429 
2017-11-14 17:06:36,873  INFO [rally-pec-system-akka.actor.default-dispatcher-7] ACCESS-LOG - GET /api-docs/swagger-ui-standalone-preset.js status=200 responseTime=10119 
2017-11-14 17:06:38,646  INFO [rally-pec-system-akka.actor.default-dispatcher-11] ACCESS-LOG - GET /api-docs/swagger.json status=200 responseTime=806499 
2017-11-14 17:06:46,396  INFO [rally-pec-system-akka.actor.default-dispatcher-9] ACCESS-LOG - GET /user/dfsdf/servicepacks status=200 responseTime=1083101 
2017-11-14 17:07:51,175  INFO [main] o.r.Reflections - Reflections took 455 ms to scan 1 urls, producing 264 keys and 4727 values  
2017-11-14 17:08:12,470  INFO [rally-pec-system-akka.actor.default-dispatcher-4] ACCESS-LOG - GET /user/dfsdf/servicepacks status=200 responseTime=2904176 
2017-11-14 17:19:38,831  INFO [main] o.r.Reflections - Reflections took 571 ms to scan 1 urls, producing 264 keys and 4727 values  
2017-11-14 17:19:47,006  INFO [rally-pec-system-akka.actor.default-dispatcher-10] ACCESS-LOG - GET /api-docs/ui status=304 responseTime=163582 
2017-11-14 17:19:47,068  INFO [rally-pec-system-akka.actor.default-dispatcher-9] ACCESS-LOG - GET /api-docs/swagger-ui-bundle.js status=304 responseTime=3065 
2017-11-14 17:19:47,068  INFO [rally-pec-system-akka.actor.default-dispatcher-3] ACCESS-LOG - GET /api-docs/swagger-ui.css status=304 responseTime=3825 
2017-11-14 17:19:47,069  INFO [rally-pec-system-akka.actor.default-dispatcher-7] ACCESS-LOG - GET /api-docs/swagger-ui-standalone-preset.js status=304 responseTime=3871 
2017-11-14 17:19:49,307  INFO [rally-pec-system-akka.actor.default-dispatcher-10] ACCESS-LOG - GET /api-docs/swagger.json status=200 responseTime=1150704 
2017-11-14 17:20:00,353  INFO [rally-pec-system-akka.actor.default-dispatcher-8] ACCESS-LOG - GET /user/sdf/servicepacks status=200 responseTime=3173394 
2017-11-14 17:21:08,783  INFO [main] o.r.Reflections - Reflections took 526 ms to scan 1 urls, producing 264 keys and 4727 values  
2017-11-14 17:21:16,565  INFO [rally-pec-system-akka.actor.default-dispatcher-3] ACCESS-LOG - GET /user/sdf/servicepacks status=200 responseTime=2643810 
2017-11-14 17:33:47,348  INFO [main] o.r.Reflections - Reflections took 516 ms to scan 1 urls, producing 267 keys and 4739 values  
2017-11-14 17:34:02,336  INFO [rally-pec-system-akka.actor.default-dispatcher-2] ACCESS-LOG - GET /user/sdf/servicepacks status=200 responseTime=3638832 
2017-11-14 17:34:38,216  INFO [main] o.r.Reflections - Reflections took 392 ms to scan 1 urls, producing 267 keys and 4739 values  
2017-11-14 17:34:49,451  INFO [rally-pec-system-akka.actor.default-dispatcher-4] ACCESS-LOG - GET /user/sdf/servicepacks status=200 responseTime=3148861 
2017-11-14 17:35:33,308  INFO [main] o.r.Reflections - Reflections took 346 ms to scan 1 urls, producing 267 keys and 4739 values  
2017-11-14 17:37:15,068  INFO [rally-pec-system-akka.actor.default-dispatcher-3] ACCESS-LOG - GET /user/sdf/servicepacks status=200 responseTime=92638731 
2017-11-14 17:37:18,215  INFO [main] o.r.Reflections - Reflections took 358 ms to scan 1 urls, producing 267 keys and 4739 values  
2017-11-14 17:39:48,133  INFO [rally-pec-system-akka.actor.default-dispatcher-3] ACCESS-LOG - GET /user/sdf/servicepacks status=200 responseTime=144799144 
2017-11-14 18:23:08,210  INFO [main] o.r.Reflections - Reflections took 584 ms to scan 1 urls, producing 264 keys and 4727 values  
2017-11-14 18:23:21,805  INFO [rally-pec-system-akka.actor.default-dispatcher-4] ACCESS-LOG - GET /api-docs/ui status=200 responseTime=207208 
2017-11-14 18:23:21,877  INFO [rally-pec-system-akka.actor.default-dispatcher-4] ACCESS-LOG - GET /api-docs/swagger-ui.css status=200 responseTime=14318 
2017-11-14 18:23:21,878  INFO [rally-pec-system-akka.actor.default-dispatcher-7] ACCESS-LOG - GET /api-docs/swagger-ui-standalone-preset.js status=200 responseTime=8702 
2017-11-14 18:23:21,884  INFO [rally-pec-system-akka.actor.default-dispatcher-6] ACCESS-LOG - GET /api-docs/swagger-ui-bundle.js status=200 responseTime=7337 
2017-11-14 18:23:23,693  INFO [rally-pec-system-akka.actor.default-dispatcher-4] ACCESS-LOG - GET /api-docs/swagger.json status=200 responseTime=835511 
2017-11-14 18:23:31,811  INFO [rally-pec-system-akka.actor.default-dispatcher-6] ACCESS-LOG - GET /user/dfg/servicepacks status=200 responseTime=2452798 
