2017-11-13 12:08:32,922 [broadsoft-oci-system-akka.actor.default-dispatcher-8] INFO  ACCESS-LOG - GET /about status=200 responseTime=215533
2017-11-13 12:08:33,608 [broadsoft-oci-system-akka.actor.default-dispatcher-7] INFO  ACCESS-LOG - GET /favicon.ico status=404 responseTime=73574
2017-11-13 12:09:04,296 [broadsoft-oci-system-akka.actor.default-dispatcher-3] INFO  ACCESS-LOG - GET /api-docs/ui status=404 responseTime=4638
2017-11-13 12:22:51,513 [broadsoft-oci-system-akka.actor.default-dispatcher-6] INFO  ACCESS-LOG - GET / status=200 responseTime=157272
2017-11-13 12:33:25,585 [broadsoft-oci-system-akka.actor.default-dispatcher-6] INFO  ACCESS-LOG - GET /swagger status=404 responseTime=278617
2017-11-13 12:41:54,333 [broadsoft-oci-system-akka.actor.default-dispatcher-7] INFO  ACCESS-LOG - GET /api-docs status=404 responseTime=49645
2017-11-13 12:42:06,693 [broadsoft-oci-system-akka.actor.default-dispatcher-7] INFO  ACCESS-LOG - GET /api-docs/swagger.json status=404 responseTime=2034
2017-11-13 12:42:42,035 [broadsoft-oci-system-akka.actor.default-dispatcher-2] INFO  ACCESS-LOG - GET /api-docs/ui status=404 responseTime=2830
2017-11-13 12:47:26,868 [rally-pec-system-akka.actor.default-dispatcher-3] INFO  ACCESS-LOG - GET /api-docs/ui status=404 responseTime=108411
2017-11-13 13:33:20,440 [rally-pec-system-akka.actor.default-dispatcher-3] INFO  ACCESS-LOG - GET /api-docs/ui status=200 responseTime=371940
2017-11-13 13:33:20,533 [rally-pec-system-akka.actor.default-dispatcher-4] INFO  ACCESS-LOG - GET /api-docs/swagger-ui.css status=200 responseTime=11503
2017-11-13 13:33:20,543 [rally-pec-system-akka.actor.default-dispatcher-5] INFO  ACCESS-LOG - GET /api-docs/swagger-ui-bundle.js status=200 responseTime=5953
2017-11-13 13:33:20,544 [rally-pec-system-akka.actor.default-dispatcher-4] INFO  ACCESS-LOG - GET /api-docs/swagger-ui-standalone-preset.js status=200 responseTime=6385
2017-11-13 13:33:21,714 [rally-pec-system-akka.actor.default-dispatcher-2] INFO  ACCESS-LOG - GET /api-docs/favicon-32x32.png status=200 responseTime=8427
2017-11-13 13:33:21,739 [rally-pec-system-akka.actor.default-dispatcher-16] INFO  ACCESS-LOG - GET /api-docs/favicon-16x16.png status=200 responseTime=6679
2017-11-13 13:33:23,407 [rally-pec-system-akka.actor.default-dispatcher-5] INFO  ACCESS-LOG - GET /api-docs/swagger.json status=200 responseTime=1793608
2017-11-13 13:40:44,761 [rally-pec-system-akka.actor.default-dispatcher-2] INFO  ACCESS-LOG - GET /api-docs/ui status=200 responseTime=292075
2017-11-13 13:40:44,857 [rally-pec-system-akka.actor.default-dispatcher-13] INFO  ACCESS-LOG - GET /api-docs/swagger-ui-bundle.js status=200 responseTime=4584
2017-11-13 13:40:44,858 [rally-pec-system-akka.actor.default-dispatcher-15] INFO  ACCESS-LOG - GET /api-docs/swagger-ui-standalone-preset.js status=200 responseTime=10900
2017-11-13 13:40:44,878 [rally-pec-system-akka.actor.default-dispatcher-2] INFO  ACCESS-LOG - GET /api-docs/swagger-ui.css status=200 responseTime=51852
2017-11-13 13:40:46,000 [rally-pec-system-akka.actor.default-dispatcher-16] INFO  ACCESS-LOG - GET /api-docs/favicon-32x32.png status=200 responseTime=7569
2017-11-13 13:40:46,054 [rally-pec-system-akka.actor.default-dispatcher-15] INFO  ACCESS-LOG - GET /api-docs/favicon-16x16.png status=200 responseTime=9090
2017-11-13 13:40:47,141 [rally-pec-system-akka.actor.default-dispatcher-2] INFO  ACCESS-LOG - GET /api-docs/swagger.json status=200 responseTime=1265317
2017-11-13 13:47:47,158 [rally-pec-system-akka.actor.default-dispatcher-8] INFO  ACCESS-LOG - GET /api-docs/ui status=200 responseTime=211910
2017-11-13 13:47:47,227 [rally-pec-system-akka.actor.default-dispatcher-4] INFO  ACCESS-LOG - GET /api-docs/swagger-ui-standalone-preset.js status=200 responseTime=10093
2017-11-13 13:47:47,236 [rally-pec-system-akka.actor.default-dispatcher-8] INFO  ACCESS-LOG - GET /api-docs/swagger-ui-bundle.js status=200 responseTime=7203
2017-11-13 13:47:47,240 [rally-pec-system-akka.actor.default-dispatcher-7] INFO  ACCESS-LOG - GET /api-docs/swagger-ui.css status=200 responseTime=31549
2017-11-13 13:47:49,401 [rally-pec-system-akka.actor.default-dispatcher-30] INFO  ACCESS-LOG - GET /api-docs/swagger.json status=200 responseTime=1243343
2017-11-13 13:50:46,920 [rally-pec-system-akka.actor.default-dispatcher-12] INFO  ACCESS-LOG - GET /user/Elena/serviceassignments status=404 responseTime=34818
2017-11-13 13:50:56,072 [rally-pec-system-akka.actor.default-dispatcher-9] INFO  ACCESS-LOG - GET /user/Elena/serviceassignments status=404 responseTime=3242
2017-11-13 13:50:57,553 [rally-pec-system-akka.actor.default-dispatcher-12] INFO  ACCESS-LOG - GET /user/Elena/serviceassignments status=404 responseTime=2402
2017-11-13 13:52:50,816 [rally-pec-system-akka.actor.default-dispatcher-3] INFO  ACCESS-LOG - GET /user/Elena/serviceassignments status=404 responseTime=243675
2017-11-13 13:56:39,143 [rally-pec-system-akka.actor.default-dispatcher-6] INFO  ACCESS-LOG - GET /api-docs/ui status=200 responseTime=384489
2017-11-13 13:56:39,214 [rally-pec-system-akka.actor.default-dispatcher-12] INFO  ACCESS-LOG - GET /api-docs/swagger-ui.css status=200 responseTime=16810
2017-11-13 13:56:39,228 [rally-pec-system-akka.actor.default-dispatcher-2] INFO  ACCESS-LOG - GET /api-docs/swagger-ui-standalone-preset.js status=200 responseTime=26695
2017-11-13 13:56:39,249 [rally-pec-system-akka.actor.default-dispatcher-4] INFO  ACCESS-LOG - GET /api-docs/swagger-ui-bundle.js status=200 responseTime=25284
2017-11-13 13:56:41,274 [rally-pec-system-akka.actor.default-dispatcher-2] INFO  ACCESS-LOG - GET /api-docs/swagger.json status=200 responseTime=998337
2017-11-13 13:57:03,084 [rally-pec-system-akka.actor.default-dispatcher-6] INFO  ACCESS-LOG - GET /health/ping status=200 responseTime=6124
2017-11-13 13:57:11,555 [rally-pec-system-akka.actor.default-dispatcher-9] INFO  ACCESS-LOG - GET /health/ping status=200 responseTime=1070
2017-11-13 13:57:12,543 [rally-pec-system-akka.actor.default-dispatcher-30] INFO  ACCESS-LOG - GET /health/ping status=200 responseTime=1206
2017-11-13 13:58:00,021 [rally-pec-system-akka.actor.default-dispatcher-31] INFO  ACCESS-LOG - GET /user/Elena/serviceassignments status=404 responseTime=38237
2017-11-13 13:58:44,630 [rally-pec-system-akka.actor.default-dispatcher-2] INFO  ACCESS-LOG - GET /user/Elena/serviceassignments status=404 responseTime=231094
2017-11-13 13:58:45,851 [rally-pec-system-akka.actor.default-dispatcher-2] INFO  ACCESS-LOG - GET /user/Elena/serviceassignments status=404 responseTime=2808
2017-11-13 13:58:47,405 [rally-pec-system-akka.actor.default-dispatcher-2] INFO  ACCESS-LOG - GET /user/Elena/serviceassignments status=404 responseTime=2208
2017-11-13 15:09:50,226 [rally-pec-system-akka.actor.default-dispatcher-2] INFO  ACCESS-LOG - GET /api-docs/ui status=200 responseTime=253108
2017-11-13 15:09:50,316 [rally-pec-system-akka.actor.default-dispatcher-2] INFO  ACCESS-LOG - GET /api-docs/swagger-ui-bundle.js status=200 responseTime=24906
2017-11-13 15:09:50,317 [rally-pec-system-akka.actor.default-dispatcher-10] INFO  ACCESS-LOG - GET /api-docs/swagger-ui-standalone-preset.js status=200 responseTime=5949
2017-11-13 15:09:50,327 [rally-pec-system-akka.actor.default-dispatcher-4] INFO  ACCESS-LOG - GET /api-docs/swagger-ui.css status=200 responseTime=38335
2017-11-13 15:09:52,740 [rally-pec-system-akka.actor.default-dispatcher-3] INFO  ACCESS-LOG - GET /api-docs/swagger.json status=200 responseTime=1164322
2017-11-14 10:38:24,889 [rally-pec-system-akka.actor.default-dispatcher-6] INFO  ACCESS-LOG - GET /api-docs/ui status=304 responseTime=319534
2017-11-14 10:38:24,932 [rally-pec-system-akka.actor.default-dispatcher-2] INFO  ACCESS-LOG - GET /api-docs/swagger-ui-standalone-preset.js status=304 responseTime=4045
2017-11-14 10:38:24,932 [rally-pec-system-akka.actor.default-dispatcher-4] INFO  ACCESS-LOG - GET /api-docs/swagger-ui.css status=304 responseTime=3307
2017-11-14 10:38:24,933 [rally-pec-system-akka.actor.default-dispatcher-6] INFO  ACCESS-LOG - GET /api-docs/swagger-ui-bundle.js status=304 responseTime=5078
2017-11-14 10:38:27,677 [rally-pec-system-akka.actor.default-dispatcher-14] INFO  ACCESS-LOG - GET /api-docs/swagger.json status=200 responseTime=1728344
2017-11-14 11:19:03,070 [rally-pec-system-akka.actor.default-dispatcher-3] INFO  ACCESS-LOG - GET /api-docs/ui status=304 responseTime=331840
2017-11-14 11:19:05,844 [rally-pec-system-akka.actor.default-dispatcher-8] INFO  ACCESS-LOG - GET /api-docs/swagger.json status=200 responseTime=1687900
2017-11-14 11:19:27,337 [rally-pec-system-akka.actor.default-dispatcher-2] INFO  ACCESS-LOG - GET /user/wer/servicepacks status=200 responseTime=3528217
2017-11-14 11:20:41,958 [rally-pec-system-akka.actor.default-dispatcher-12] INFO  ACCESS-LOG - GET /user/wer/servicepacks status=200 responseTime=1918097
2017-11-14 11:21:13,350 [rally-pec-system-akka.actor.default-dispatcher-7] INFO  ACCESS-LOG - GET /health/ping status=200 responseTime=4879
2017-11-14 11:23:50,750 [rally-pec-system-akka.actor.default-dispatcher-7] INFO  ACCESS-LOG - GET /user/wer/servicepacks status=200 responseTime=3869519
2017-11-14 11:27:44,185 [rally-pec-system-akka.actor.default-dispatcher-5] INFO  ACCESS-LOG - GET /user/wer/servicepacks status=200 responseTime=2103192
2017-11-14 13:06:28,167 [rally-pec-system-akka.actor.default-dispatcher-9] INFO  ACCESS-LOG - GET /health/ping status=200 responseTime=40241
2017-11-14 13:06:36,011 [rally-pec-system-akka.actor.default-dispatcher-9] INFO  ACCESS-LOG - GET /health/ping status=200 responseTime=812
2017-11-14 13:06:36,819 [rally-pec-system-akka.actor.default-dispatcher-10] INFO  ACCESS-LOG - GET /health/ping status=200 responseTime=1296
2017-11-14 13:06:53,000 [rally-pec-system-akka.actor.default-dispatcher-9] INFO  ACCESS-LOG - GET /user/sdf/servicepacks status=200 responseTime=2748356
2017-11-14 13:23:55,409 [rally-pec-system-akka.actor.default-dispatcher-10] INFO  ACCESS-LOG - GET /api-docs/ui status=200 responseTime=236583
2017-11-14 13:23:55,480 [rally-pec-system-akka.actor.default-dispatcher-2] INFO  ACCESS-LOG - GET /api-docs/swagger-ui-standalone-preset.js status=200 responseTime=7199
2017-11-14 13:23:55,480 [rally-pec-system-akka.actor.default-dispatcher-8] INFO  ACCESS-LOG - GET /api-docs/swagger-ui.css status=200 responseTime=6823
2017-11-14 13:23:55,494 [rally-pec-system-akka.actor.default-dispatcher-6] INFO  ACCESS-LOG - GET /api-docs/swagger-ui-bundle.js status=200 responseTime=23103
2017-11-14 13:23:57,645 [rally-pec-system-akka.actor.default-dispatcher-2] INFO  ACCESS-LOG - GET /api-docs/swagger.json status=200 responseTime=1200889
2017-11-14 13:24:26,904 [rally-pec-system-akka.actor.default-dispatcher-28] INFO  ACCESS-LOG - GET /user/Zaphkiel/servicepacks status=200 responseTime=62737
2017-11-14 14:44:12,221 [rally-pec-system-akka.actor.default-dispatcher-9] INFO  ACCESS-LOG - GET /api-docs/ui status=304 responseTime=183473
2017-11-14 14:44:12,277 [rally-pec-system-akka.actor.default-dispatcher-9] INFO  ACCESS-LOG - GET /api-docs/swagger-ui-standalone-preset.js status=304 responseTime=4081
2017-11-14 14:44:12,284 [rally-pec-system-akka.actor.default-dispatcher-2] INFO  ACCESS-LOG - GET /api-docs/swagger-ui-bundle.js status=304 responseTime=2541
2017-11-14 14:44:12,286 [rally-pec-system-akka.actor.default-dispatcher-6] INFO  ACCESS-LOG - GET /api-docs/swagger-ui.css status=304 responseTime=15118
2017-11-14 14:44:14,499 [rally-pec-system-akka.actor.default-dispatcher-6] INFO  ACCESS-LOG - GET /api-docs/swagger.json status=200 responseTime=1213178
2017-11-14 14:46:33,601 [rally-pec-system-akka.actor.default-dispatcher-9] INFO  ACCESS-LOG - GET /api-docs/ui status=304 responseTime=164679
2017-11-14 14:46:35,746 [rally-pec-system-akka.actor.default-dispatcher-8] INFO  ACCESS-LOG - GET /api-docs/swagger.json status=200 responseTime=1268986
2017-11-14 14:46:45,722 [rally-pec-system-akka.actor.default-dispatcher-9] INFO  ACCESS-LOG - GET /user/asdad/servicepacks status=200 responseTime=1678571
2017-11-14 14:48:07,064 [rally-pec-system-akka.actor.default-dispatcher-8] INFO  ACCESS-LOG - GET /api-docs/ui status=304 responseTime=186200
2017-11-14 14:48:08,963 [rally-pec-system-akka.actor.default-dispatcher-3] INFO  ACCESS-LOG - GET /api-docs/swagger.json status=200 responseTime=1018178
2017-11-14 14:48:21,111 [rally-pec-system-akka.actor.default-dispatcher-12] INFO  ACCESS-LOG - GET /user/zxcvx/servicepacks status=200 responseTime=3093045
2017-11-14 15:03:50,771 [rally-pec-system-akka.actor.default-dispatcher-3] INFO  ACCESS-LOG - GET /user/zxcvx/servicepacks status=200 responseTime=4904135
2017-11-14 15:08:18,673 [rally-pec-system-akka.actor.default-dispatcher-6] INFO  ACCESS-LOG - GET /user/zxcvx/servicepacks status=200 responseTime=3510539
2017-11-14 15:09:46,890 [rally-pec-system-akka.actor.default-dispatcher-6] INFO  ACCESS-LOG - GET /user/zxcvx/servicepacks status=200 responseTime=4366400
2017-11-14 15:12:16,058 [rally-pec-system-akka.actor.default-dispatcher-4] INFO  ACCESS-LOG - GET /user/zxcvx/servicepacks status=200 responseTime=96359507
2017-11-14 15:13:12,557 [rally-pec-system-akka.actor.default-dispatcher-7] INFO  ACCESS-LOG - GET /user/zxcvx/servicepacks status=200 responseTime=22539820
2017-11-14 15:35:43,064 [rally-pec-system-akka.actor.default-dispatcher-7] INFO  ACCESS-LOG - GET /user/zxcvx/servicepacks status=500 responseTime=5004270
2017-11-14 16:01:32,853 [rally-pec-system-akka.actor.default-dispatcher-2] INFO  ACCESS-LOG - GET /user/zxcvx/servicepacks status=500 responseTime=2288263
2017-11-14 16:03:07,822 [rally-pec-system-akka.actor.default-dispatcher-8] INFO  ACCESS-LOG - GET /user/zxcvx/servicepacks status=500 responseTime=1440165
2017-11-14 16:16:03,158 [rally-pec-system-akka.actor.default-dispatcher-4] INFO  ACCESS-LOG - GET /user/zxcvx/servicepacks status=200 responseTime=476001
2017-11-14 16:18:57,183 [rally-pec-system-akka.actor.default-dispatcher-3] INFO  ACCESS-LOG - GET /user/zxcvx/servicepacks status=200 responseTime=4915545
2017-11-14 16:57:56,756 [rally-pec-system-akka.actor.default-dispatcher-4] INFO  ACCESS-LOG - GET /user/zxcvx/servicepacks status=200 responseTime=4515522
2017-11-14 16:59:02,859 [rally-pec-system-akka.actor.default-dispatcher-6] INFO  ACCESS-LOG - GET /user/zxcvx/servicepacks status=200 responseTime=2194049
2017-11-14 17:06:13,424 [rally-pec-system-akka.actor.default-dispatcher-3] INFO  ACCESS-LOG - GET /user/zxcvx/servicepacks status=200 responseTime=2063256
2017-11-14 17:06:26,025 [rally-pec-system-akka.actor.default-dispatcher-3] INFO  ACCESS-LOG - GET /user/zxcvx/servicepacks status=200 responseTime=903321
2017-11-14 17:06:36,804 [rally-pec-system-akka.actor.default-dispatcher-3] INFO  ACCESS-LOG - GET /api-docs/ui status=200 responseTime=72902
2017-11-14 17:06:36,856 [rally-pec-system-akka.actor.default-dispatcher-6] INFO  ACCESS-LOG - GET /api-docs/swagger-ui.css status=200 responseTime=8660
2017-11-14 17:06:36,868 [rally-pec-system-akka.actor.default-dispatcher-9] INFO  ACCESS-LOG - GET /api-docs/swagger-ui-bundle.js status=200 responseTime=7429
2017-11-14 17:06:36,873 [rally-pec-system-akka.actor.default-dispatcher-7] INFO  ACCESS-LOG - GET /api-docs/swagger-ui-standalone-preset.js status=200 responseTime=10119
2017-11-14 17:06:38,646 [rally-pec-system-akka.actor.default-dispatcher-11] INFO  ACCESS-LOG - GET /api-docs/swagger.json status=200 responseTime=806499
2017-11-14 17:06:46,396 [rally-pec-system-akka.actor.default-dispatcher-9] INFO  ACCESS-LOG - GET /user/dfsdf/servicepacks status=200 responseTime=1083101
2017-11-14 17:08:12,470 [rally-pec-system-akka.actor.default-dispatcher-4] INFO  ACCESS-LOG - GET /user/dfsdf/servicepacks status=200 responseTime=2904176
2017-11-14 17:19:47,006 [rally-pec-system-akka.actor.default-dispatcher-10] INFO  ACCESS-LOG - GET /api-docs/ui status=304 responseTime=163582
2017-11-14 17:19:47,068 [rally-pec-system-akka.actor.default-dispatcher-9] INFO  ACCESS-LOG - GET /api-docs/swagger-ui-bundle.js status=304 responseTime=3065
2017-11-14 17:19:47,069 [rally-pec-system-akka.actor.default-dispatcher-7] INFO  ACCESS-LOG - GET /api-docs/swagger-ui-standalone-preset.js status=304 responseTime=3871
2017-11-14 17:19:47,068 [rally-pec-system-akka.actor.default-dispatcher-3] INFO  ACCESS-LOG - GET /api-docs/swagger-ui.css status=304 responseTime=3825
2017-11-14 17:19:49,307 [rally-pec-system-akka.actor.default-dispatcher-10] INFO  ACCESS-LOG - GET /api-docs/swagger.json status=200 responseTime=1150704
2017-11-14 17:20:00,353 [rally-pec-system-akka.actor.default-dispatcher-8] INFO  ACCESS-LOG - GET /user/sdf/servicepacks status=200 responseTime=3173394
2017-11-14 17:21:16,565 [rally-pec-system-akka.actor.default-dispatcher-3] INFO  ACCESS-LOG - GET /user/sdf/servicepacks status=200 responseTime=2643810
2017-11-14 17:34:02,336 [rally-pec-system-akka.actor.default-dispatcher-2] INFO  ACCESS-LOG - GET /user/sdf/servicepacks status=200 responseTime=3638832
2017-11-14 17:34:49,451 [rally-pec-system-akka.actor.default-dispatcher-4] INFO  ACCESS-LOG - GET /user/sdf/servicepacks status=200 responseTime=3148861
2017-11-14 17:37:15,068 [rally-pec-system-akka.actor.default-dispatcher-3] INFO  ACCESS-LOG - GET /user/sdf/servicepacks status=200 responseTime=92638731
2017-11-14 17:39:48,133 [rally-pec-system-akka.actor.default-dispatcher-3] INFO  ACCESS-LOG - GET /user/sdf/servicepacks status=200 responseTime=144799144
2017-11-14 18:23:21,805 [rally-pec-system-akka.actor.default-dispatcher-4] INFO  ACCESS-LOG - GET /api-docs/ui status=200 responseTime=207208
2017-11-14 18:23:21,877 [rally-pec-system-akka.actor.default-dispatcher-4] INFO  ACCESS-LOG - GET /api-docs/swagger-ui.css status=200 responseTime=14318
2017-11-14 18:23:21,878 [rally-pec-system-akka.actor.default-dispatcher-7] INFO  ACCESS-LOG - GET /api-docs/swagger-ui-standalone-preset.js status=200 responseTime=8702
2017-11-14 18:23:21,884 [rally-pec-system-akka.actor.default-dispatcher-6] INFO  ACCESS-LOG - GET /api-docs/swagger-ui-bundle.js status=200 responseTime=7337
2017-11-14 18:23:23,693 [rally-pec-system-akka.actor.default-dispatcher-4] INFO  ACCESS-LOG - GET /api-docs/swagger.json status=200 responseTime=835511
2017-11-14 18:23:31,811 [rally-pec-system-akka.actor.default-dispatcher-6] INFO  ACCESS-LOG - GET /user/dfg/servicepacks status=200 responseTime=2452798
2017-11-15 11:02:12,178 [rally-pec-system-akka.actor.default-dispatcher-36] INFO  ACCESS-LOG - GET /user/dfg/servicepacks status=200 responseTime=5368392
2017-11-15 11:05:37,529 [rally-pec-system-akka.actor.default-dispatcher-39] INFO  ACCESS-LOG - GET /user/dfg/servicepacks status=200 responseTime=2597706
2017-11-15 12:01:25,527 [rally-pec-system-akka.actor.default-dispatcher-13] INFO  ACCESS-LOG - GET /api-docs/ui status=200 responseTime=289879
2017-11-15 12:01:25,644 [rally-pec-system-akka.actor.default-dispatcher-6] INFO  ACCESS-LOG - GET /api-docs/swagger-ui-bundle.js status=200 responseTime=15118
2017-11-15 12:01:25,644 [rally-pec-system-akka.actor.default-dispatcher-14] INFO  ACCESS-LOG - GET /api-docs/swagger-ui-standalone-preset.js status=200 responseTime=14887
2017-11-15 12:01:25,644 [rally-pec-system-akka.actor.default-dispatcher-9] INFO  ACCESS-LOG - GET /api-docs/swagger-ui.css status=200 responseTime=14919
2017-11-15 12:01:28,128 [rally-pec-system-akka.actor.default-dispatcher-3] INFO  ACCESS-LOG - GET /api-docs/swagger.json status=200 responseTime=1041717
2017-11-15 12:01:50,588 [rally-pec-system-akka.actor.default-dispatcher-6] INFO  ACCESS-LOG - GET /user/sdf/servicepacks status=200 responseTime=2666432
2017-11-15 12:15:35,902 [rally-pec-system-akka.actor.default-dispatcher-2] INFO  ACCESS-LOG - GET /user/sdf/servicepacks status=500 responseTime=212908
2017-11-15 12:16:26,669 [rally-pec-system-akka.actor.default-dispatcher-6] INFO  ACCESS-LOG - GET /api-docs/ui status=200 responseTime=70977
2017-11-15 12:16:26,720 [rally-pec-system-akka.actor.default-dispatcher-6] INFO  ACCESS-LOG - GET /api-docs/swagger-ui-standalone-preset.js status=200 responseTime=10580
2017-11-15 12:16:26,728 [rally-pec-system-akka.actor.default-dispatcher-4] INFO  ACCESS-LOG - GET /api-docs/swagger-ui.css status=200 responseTime=21314
2017-11-15 12:16:26,735 [rally-pec-system-akka.actor.default-dispatcher-11] INFO  ACCESS-LOG - GET /api-docs/swagger-ui-bundle.js status=200 responseTime=8823
2017-11-15 12:16:28,729 [rally-pec-system-akka.actor.default-dispatcher-11] INFO  ACCESS-LOG - GET /api-docs/swagger.json status=200 responseTime=1053422
2017-11-15 12:16:37,370 [rally-pec-system-akka.actor.default-dispatcher-7] INFO  ACCESS-LOG - GET /user/dfgdfg/servicepacks status=500 responseTime=2428
2017-11-15 12:18:03,012 [rally-pec-system-akka.actor.default-dispatcher-10] INFO  ACCESS-LOG - GET /api-docs/ui status=200 responseTime=223177
2017-11-15 12:18:03,117 [rally-pec-system-akka.actor.default-dispatcher-9] INFO  ACCESS-LOG - GET /api-docs/swagger-ui-standalone-preset.js status=200 responseTime=8216
2017-11-15 12:18:03,124 [rally-pec-system-akka.actor.default-dispatcher-4] INFO  ACCESS-LOG - GET /api-docs/swagger-ui.css status=200 responseTime=26591
2017-11-15 12:18:03,160 [rally-pec-system-akka.actor.default-dispatcher-10] INFO  ACCESS-LOG - GET /api-docs/swagger-ui-bundle.js status=200 responseTime=47607
2017-11-15 12:18:05,028 [rally-pec-system-akka.actor.default-dispatcher-29] INFO  ACCESS-LOG - GET /api-docs/swagger.json status=200 responseTime=1047678
2017-11-15 12:18:13,924 [rally-pec-system-akka.actor.default-dispatcher-12] INFO  ACCESS-LOG - GET /user/dsfds/servicepacks status=500 responseTime=18052
2017-11-15 12:19:37,595 [rally-pec-system-akka.actor.default-dispatcher-2] INFO  ACCESS-LOG - GET /user/dsfds/servicepacks status=200 responseTime=4198680
2017-11-15 12:28:28,947 [rally-pec-system-akka.actor.default-dispatcher-6] INFO  ACCESS-LOG - GET /user/dsfds/servicepacks status=500 responseTime=286217
2017-11-15 12:28:56,479 [rally-pec-system-akka.actor.default-dispatcher-6] INFO  ACCESS-LOG - GET /user/dsfds/servicepacks status=500 responseTime=1949
2017-11-15 12:30:36,024 [rally-pec-system-akka.actor.default-dispatcher-3] INFO  ACCESS-LOG - GET /user/dsfds/servicepacks status=500 responseTime=38000649
2017-11-15 12:31:26,826 [rally-pec-system-akka.actor.default-dispatcher-6] INFO  ACCESS-LOG - GET /user/dsfds/servicepacks status=200 responseTime=15397458
2017-11-15 14:30:49,122 [rally-pec-system-akka.actor.default-dispatcher-11] INFO  ACCESS-LOG - GET /api-docs/ui status=200 responseTime=230258
2017-11-15 14:30:49,216 [rally-pec-system-akka.actor.default-dispatcher-10] INFO  ACCESS-LOG - GET /api-docs/swagger-ui-bundle.js status=200 responseTime=8179
2017-11-15 14:30:49,217 [rally-pec-system-akka.actor.default-dispatcher-6] INFO  ACCESS-LOG - GET /api-docs/swagger-ui.css status=200 responseTime=8493
2017-11-15 14:30:49,217 [rally-pec-system-akka.actor.default-dispatcher-2] INFO  ACCESS-LOG - GET /api-docs/swagger-ui-standalone-preset.js status=200 responseTime=10426
2017-11-15 14:30:51,653 [rally-pec-system-akka.actor.default-dispatcher-10] INFO  ACCESS-LOG - GET /api-docs/swagger.json status=200 responseTime=1376557
2017-11-15 14:31:00,266 [rally-pec-system-akka.actor.default-dispatcher-30] INFO  ACCESS-LOG - GET /user/sdfss/servicepacks status=500 responseTime=118734
2017-11-15 14:33:06,540 [rally-pec-system-akka.actor.default-dispatcher-3] INFO  ACCESS-LOG - GET /user/sdfss/servicepacks status=500 responseTime=92852006
2017-11-15 14:33:38,962 [rally-pec-system-akka.actor.default-dispatcher-4] INFO  ACCESS-LOG - GET /api-docs/ui status=304 responseTime=157409
2017-11-15 14:33:38,996 [rally-pec-system-akka.actor.default-dispatcher-8] INFO  ACCESS-LOG - GET /api-docs/swagger-ui-standalone-preset.js status=304 responseTime=9095
2017-11-15 14:33:38,996 [rally-pec-system-akka.actor.default-dispatcher-3] INFO  ACCESS-LOG - GET /api-docs/swagger-ui-bundle.js status=304 responseTime=1930
2017-11-15 14:33:39,012 [rally-pec-system-akka.actor.default-dispatcher-2] INFO  ACCESS-LOG - GET /api-docs/swagger-ui.css status=304 responseTime=3670
2017-11-15 14:33:41,202 [rally-pec-system-akka.actor.default-dispatcher-2] INFO  ACCESS-LOG - GET /api-docs/swagger.json status=200 responseTime=1283005
2017-11-15 14:33:49,658 [rally-pec-system-akka.actor.default-dispatcher-8] INFO  ACCESS-LOG - GET /user/sdsf/servicepacks status=500 responseTime=146214
2017-11-15 14:39:02,932 [rally-pec-system-akka.actor.default-dispatcher-12] INFO  ACCESS-LOG - GET /api-docs/ui status=200 responseTime=240598
2017-11-15 14:39:03,017 [rally-pec-system-akka.actor.default-dispatcher-9] INFO  ACCESS-LOG - GET /api-docs/swagger-ui-standalone-preset.js status=200 responseTime=9504
2017-11-15 14:39:03,022 [rally-pec-system-akka.actor.default-dispatcher-14] INFO  ACCESS-LOG - GET /api-docs/swagger-ui-bundle.js status=200 responseTime=9991
2017-11-15 14:39:03,027 [rally-pec-system-akka.actor.default-dispatcher-10] INFO  ACCESS-LOG - GET /api-docs/swagger-ui.css status=200 responseTime=7507
2017-11-15 14:39:05,410 [rally-pec-system-akka.actor.default-dispatcher-12] INFO  ACCESS-LOG - GET /api-docs/swagger.json status=200 responseTime=1252028
2017-11-15 14:39:21,321 [rally-pec-system-akka.actor.default-dispatcher-10] INFO  ACCESS-LOG - GET /user/sdgdg/servicepacks status=500 responseTime=120895
2017-11-15 14:45:29,394 [rally-pec-system-akka.actor.default-dispatcher-4] INFO  ACCESS-LOG - GET /user/sdgdg/servicepacks status=500 responseTime=497287
2017-11-15 14:45:34,045 [rally-pec-system-akka.actor.default-dispatcher-4] INFO  ACCESS-LOG - GET /api-docs/ui status=304 responseTime=51196
2017-11-15 14:45:34,075 [rally-pec-system-akka.actor.default-dispatcher-4] INFO  ACCESS-LOG - GET /api-docs/swagger-ui-bundle.js status=304 responseTime=2339
2017-11-15 14:45:34,086 [rally-pec-system-akka.actor.default-dispatcher-9] INFO  ACCESS-LOG - GET /api-docs/swagger-ui.css status=304 responseTime=10478
2017-11-15 14:45:34,090 [rally-pec-system-akka.actor.default-dispatcher-8] INFO  ACCESS-LOG - GET /api-docs/swagger-ui-standalone-preset.js status=304 responseTime=17149
2017-11-15 14:45:35,789 [rally-pec-system-akka.actor.default-dispatcher-8] INFO  ACCESS-LOG - GET /api-docs/swagger.json status=200 responseTime=823464
2017-11-15 14:45:44,088 [rally-pec-system-akka.actor.default-dispatcher-7] INFO  ACCESS-LOG - GET /user/dfgdg/servicepacks status=500 responseTime=2770
2017-11-15 14:47:56,991 [rally-pec-system-akka.actor.default-dispatcher-3] INFO  ACCESS-LOG - GET /user/dfgdg/servicepacks status=500 responseTime=382524
2017-11-15 14:52:04,042 [rally-pec-system-akka.actor.default-dispatcher-3] INFO  ACCESS-LOG - GET /user/dfgdg/servicepacks status=500 responseTime=63355278
2017-11-15 14:53:37,387 [rally-pec-system-akka.actor.default-dispatcher-4] INFO  ACCESS-LOG - GET /user/dfgdg/servicepacks status=500 responseTime=85691711
2017-11-15 14:54:33,901 [rally-pec-system-akka.actor.default-dispatcher-2] INFO  ACCESS-LOG - GET /api-docs/ui status=304 responseTime=258263
2017-11-15 14:54:33,950 [rally-pec-system-akka.actor.default-dispatcher-3] INFO  ACCESS-LOG - GET /api-docs/swagger-ui.css status=304 responseTime=8077
2017-11-15 14:54:33,950 [rally-pec-system-akka.actor.default-dispatcher-4] INFO  ACCESS-LOG - GET /api-docs/swagger-ui-bundle.js status=304 responseTime=9193
2017-11-15 14:54:33,950 [rally-pec-system-akka.actor.default-dispatcher-8] INFO  ACCESS-LOG - GET /api-docs/swagger-ui-standalone-preset.js status=304 responseTime=2976
2017-11-15 14:54:36,743 [rally-pec-system-akka.actor.default-dispatcher-4] INFO  ACCESS-LOG - GET /api-docs/swagger.json status=200 responseTime=1487988
2017-11-15 14:56:28,945 [rally-pec-system-akka.actor.default-dispatcher-9] INFO  ACCESS-LOG - GET /user/sdfsf/servicepacks status=200 responseTime=64169877
2017-11-15 15:01:18,712 [rally-pec-system-akka.actor.default-dispatcher-2] INFO  ACCESS-LOG - GET /user/sdfsf/servicepacks status=500 responseTime=159073066
2017-11-15 15:02:49,475 [rally-pec-system-akka.actor.default-dispatcher-4] INFO  ACCESS-LOG - GET /user/sdfsf/servicepacks status=200 responseTime=9584174
2017-11-15 15:26:53,855 [rally-pec-system-akka.actor.default-dispatcher-4] INFO  ACCESS-LOG - GET /user/sdfsf/servicepacks status=200 responseTime=7268942
2017-11-15 15:29:09,992 [rally-pec-system-akka.actor.default-dispatcher-3] INFO  ACCESS-LOG - GET /api-docs/ui status=200 responseTime=186157
2017-11-15 15:29:10,051 [rally-pec-system-akka.actor.default-dispatcher-2] INFO  ACCESS-LOG - GET /api-docs/swagger-ui-bundle.js status=200 responseTime=4790
2017-11-15 15:29:10,052 [rally-pec-system-akka.actor.default-dispatcher-4] INFO  ACCESS-LOG - GET /api-docs/swagger-ui.css status=200 responseTime=12558
2017-11-15 15:29:10,086 [rally-pec-system-akka.actor.default-dispatcher-12] INFO  ACCESS-LOG - GET /api-docs/swagger-ui-standalone-preset.js status=200 responseTime=27340
2017-11-15 15:29:12,346 [rally-pec-system-akka.actor.default-dispatcher-2] INFO  ACCESS-LOG - GET /api-docs/swagger.json status=200 responseTime=1249159
2017-11-15 15:29:25,049 [rally-pec-system-akka.actor.default-dispatcher-13] INFO  ACCESS-LOG - GET /user/yer/servicepacks status=200 responseTime=5501502
2017-11-16 12:15:21,604 [rally-pec-system-akka.actor.default-dispatcher-3] INFO  ACCESS-LOG - GET /api-docs/ui status=200 responseTime=551240
2017-11-16 12:15:21,905 [rally-pec-system-akka.actor.default-dispatcher-9] INFO  ACCESS-LOG - GET /api-docs/swagger-ui-bundle.js status=200 responseTime=16133
2017-11-16 12:15:21,910 [rally-pec-system-akka.actor.default-dispatcher-10] INFO  ACCESS-LOG - GET /api-docs/swagger-ui-standalone-preset.js status=200 responseTime=25450
2017-11-16 12:15:21,910 [rally-pec-system-akka.actor.default-dispatcher-7] INFO  ACCESS-LOG - GET /api-docs/swagger-ui.css status=200 responseTime=27854
2017-11-16 12:15:25,498 [rally-pec-system-akka.actor.default-dispatcher-6] INFO  ACCESS-LOG - GET /api-docs/swagger.json status=200 responseTime=2053708
2017-11-16 12:15:49,848 [rally-pec-system-akka.actor.default-dispatcher-4] INFO  ACCESS-LOG - GET /user/dfgd/servicepacks status=200 responseTime=17406695
2017-11-16 12:35:44,008 [rally-pec-system-akka.actor.default-dispatcher-3] INFO  ACCESS-LOG - GET /api-docs/ui status=200 responseTime=235941
2017-11-16 12:35:44,098 [rally-pec-system-akka.actor.default-dispatcher-3] INFO  ACCESS-LOG - GET /api-docs/swagger-ui-standalone-preset.js status=200 responseTime=13519
2017-11-16 12:35:44,103 [rally-pec-system-akka.actor.default-dispatcher-6] INFO  ACCESS-LOG - GET /api-docs/swagger-ui-bundle.js status=200 responseTime=31530
2017-11-16 12:35:44,107 [rally-pec-system-akka.actor.default-dispatcher-2] INFO  ACCESS-LOG - GET /api-docs/swagger-ui.css status=200 responseTime=37184
2017-11-16 12:35:46,352 [rally-pec-system-akka.actor.default-dispatcher-8] INFO  ACCESS-LOG - GET /api-docs/swagger.json status=200 responseTime=1047223
2017-11-16 12:36:58,730 [rally-pec-system-akka.actor.default-dispatcher-7] INFO  ACCESS-LOG - GET /api-docs/ui status=304 responseTime=9510
2017-11-16 12:36:58,765 [rally-pec-system-akka.actor.default-dispatcher-29] INFO  ACCESS-LOG - GET /api-docs/swagger-ui.css status=304 responseTime=2473
2017-11-16 12:36:58,766 [rally-pec-system-akka.actor.default-dispatcher-31] INFO  ACCESS-LOG - GET /api-docs/swagger-ui-bundle.js status=304 responseTime=1890
2017-11-16 12:36:58,773 [rally-pec-system-akka.actor.default-dispatcher-29] INFO  ACCESS-LOG - GET /api-docs/swagger-ui-standalone-preset.js status=304 responseTime=3174
2017-11-16 12:37:00,117 [rally-pec-system-akka.actor.default-dispatcher-33] INFO  ACCESS-LOG - GET /api-docs/swagger.json status=200 responseTime=300227
2017-11-16 12:37:13,835 [rally-pec-system-akka.actor.default-dispatcher-6] INFO  ACCESS-LOG - GET /api-docs/ui status=304 responseTime=5028
2017-11-16 12:37:13,858 [rally-pec-system-akka.actor.default-dispatcher-6] INFO  ACCESS-LOG - GET /api-docs/swagger-ui.css status=304 responseTime=2360
2017-11-16 12:37:13,861 [rally-pec-system-akka.actor.default-dispatcher-6] INFO  ACCESS-LOG - GET /api-docs/swagger-ui-standalone-preset.js status=304 responseTime=1806
2017-11-16 12:37:13,865 [rally-pec-system-akka.actor.default-dispatcher-9] INFO  ACCESS-LOG - GET /api-docs/swagger-ui-bundle.js status=304 responseTime=4472
2017-11-16 12:37:14,840 [rally-pec-system-akka.actor.default-dispatcher-30] INFO  ACCESS-LOG - GET /api-docs/swagger.json status=200 responseTime=172535
2017-11-16 12:37:39,087 [rally-pec-system-akka.actor.default-dispatcher-6] INFO  ACCESS-LOG - GET /api-docs/ui status=304 responseTime=183190
2017-11-16 12:37:39,122 [rally-pec-system-akka.actor.default-dispatcher-4] INFO  ACCESS-LOG - GET /api-docs/swagger-ui.css status=304 responseTime=5495
2017-11-16 12:37:39,128 [rally-pec-system-akka.actor.default-dispatcher-8] INFO  ACCESS-LOG - GET /api-docs/swagger-ui-standalone-preset.js status=304 responseTime=3138
2017-11-16 12:37:39,157 [rally-pec-system-akka.actor.default-dispatcher-6] INFO  ACCESS-LOG - GET /api-docs/swagger-ui-bundle.js status=304 responseTime=6936
2017-11-16 12:37:41,451 [rally-pec-system-akka.actor.default-dispatcher-6] INFO  ACCESS-LOG - GET /api-docs/swagger.json status=200 responseTime=1353852
2017-11-16 12:37:41,615 [rally-pec-system-akka.actor.default-dispatcher-8] INFO  ACCESS-LOG - GET /api-docs/ui status=304 responseTime=2258
2017-11-16 12:37:42,019 [rally-pec-system-akka.actor.default-dispatcher-3] INFO  ACCESS-LOG - GET /api-docs/swagger.json status=200 responseTime=177142
2017-11-16 12:39:46,368 [rally-pec-system-akka.actor.default-dispatcher-2] INFO  ACCESS-LOG - GET /api-docs/ui status=304 responseTime=159578
2017-11-16 12:39:46,446 [rally-pec-system-akka.actor.default-dispatcher-9] INFO  ACCESS-LOG - GET /api-docs/swagger-ui-standalone-preset.js status=304 responseTime=5403
2017-11-16 12:39:46,450 [rally-pec-system-akka.actor.default-dispatcher-7] INFO  ACCESS-LOG - GET /api-docs/swagger-ui.css status=304 responseTime=10423
2017-11-16 12:39:46,448 [rally-pec-system-akka.actor.default-dispatcher-10] INFO  ACCESS-LOG - GET /api-docs/swagger-ui-bundle.js status=304 responseTime=7775
2017-11-16 12:39:48,425 [rally-pec-system-akka.actor.default-dispatcher-6] INFO  ACCESS-LOG - GET /api-docs/swagger.json status=200 responseTime=1044818
2017-11-16 12:40:22,059 [rally-pec-system-akka.actor.default-dispatcher-8] INFO  ACCESS-LOG - OPTIONS /user/erter/servicepacks status=200 responseTime=1643
2017-11-16 12:41:16,967 [rally-pec-system-akka.actor.default-dispatcher-9] INFO  ACCESS-LOG - OPTIONS /user/erter/servicepacks status=200 responseTime=613
2017-11-16 12:41:22,541 [rally-pec-system-akka.actor.default-dispatcher-9] INFO  ACCESS-LOG - OPTIONS /user/erter/servicepacks status=200 responseTime=565
2017-11-16 12:41:25,510 [rally-pec-system-akka.actor.default-dispatcher-8] INFO  ACCESS-LOG - GET /api-docs/ui status=304 responseTime=2324
2017-11-16 12:41:25,545 [rally-pec-system-akka.actor.default-dispatcher-7] INFO  ACCESS-LOG - GET /api-docs/swagger-ui-bundle.js status=304 responseTime=2089
2017-11-16 12:41:25,548 [rally-pec-system-akka.actor.default-dispatcher-8] INFO  ACCESS-LOG - GET /api-docs/swagger-ui.css status=304 responseTime=2122
2017-11-16 12:41:25,557 [rally-pec-system-akka.actor.default-dispatcher-12] INFO  ACCESS-LOG - GET /api-docs/swagger-ui-standalone-preset.js status=304 responseTime=2177
2017-11-16 12:41:26,605 [rally-pec-system-akka.actor.default-dispatcher-9] INFO  ACCESS-LOG - GET /api-docs/swagger.json status=200 responseTime=166076
2017-11-16 12:41:41,490 [rally-pec-system-akka.actor.default-dispatcher-12] INFO  ACCESS-LOG - OPTIONS /user/dfg/servicepacks status=200 responseTime=1532
2017-11-16 12:41:43,808 [rally-pec-system-akka.actor.default-dispatcher-17] INFO  ACCESS-LOG - OPTIONS /user/dfg/servicepacks status=200 responseTime=687
2017-11-16 13:46:26,064 [rally-pec-system-akka.actor.default-dispatcher-22] INFO  ACCESS-LOG - OPTIONS /user/dfg/servicepacks status=200 responseTime=4497
2017-11-16 13:46:27,014 [rally-pec-system-akka.actor.default-dispatcher-22] INFO  ACCESS-LOG - OPTIONS /user/dfg/servicepacks status=200 responseTime=942
2017-11-16 13:47:08,087 [rally-pec-system-akka.actor.default-dispatcher-4] INFO  ACCESS-LOG - OPTIONS /user/dfg/servicepacks status=200 responseTime=275252
2017-11-16 13:48:28,376 [rally-pec-system-akka.actor.default-dispatcher-6] INFO  ACCESS-LOG - GET /api-docs/ui status=200 responseTime=335160
2017-11-16 13:48:28,489 [rally-pec-system-akka.actor.default-dispatcher-9] INFO  ACCESS-LOG - GET /api-docs/swagger-ui-bundle.js status=200 responseTime=11808
2017-11-16 13:48:28,500 [rally-pec-system-akka.actor.default-dispatcher-4] INFO  ACCESS-LOG - GET /api-docs/swagger-ui-standalone-preset.js status=200 responseTime=22856
2017-11-16 13:48:28,494 [rally-pec-system-akka.actor.default-dispatcher-12] INFO  ACCESS-LOG - GET /api-docs/swagger-ui.css status=200 responseTime=25604
2017-11-16 13:48:30,760 [rally-pec-system-akka.actor.default-dispatcher-6] INFO  ACCESS-LOG - GET /api-docs/swagger.json status=200 responseTime=1062740
2017-11-16 13:49:27,000 [rally-pec-system-akka.actor.default-dispatcher-7] INFO  ACCESS-LOG - OPTIONS /user/ferf/servicepacks status=200 responseTime=4022
2017-11-16 13:51:33,134 [rally-pec-system-akka.actor.default-dispatcher-12] INFO  ACCESS-LOG - GET /user/ferf/servicepacks%22%20-H%20%22accept:%20application/json%22%20-H%20%22Rally-API-Key:%20werwr%22%20-H%20%22Releases:%20werwer status=404 responseTime=10341
2017-11-16 13:51:34,023 [rally-pec-system-akka.actor.default-dispatcher-12] INFO  ACCESS-LOG - GET /favicon.ico status=404 responseTime=1755
2017-11-16 13:51:50,194 [rally-pec-system-akka.actor.default-dispatcher-31] INFO  ACCESS-LOG - GET /user/ferf/servicepacks/ status=404 responseTime=1639
2017-11-16 13:54:24,927 [rally-pec-system-akka.actor.default-dispatcher-30] INFO  ACCESS-LOG - OPTIONS /user/ferf/servicepacks status=200 responseTime=1223
2017-11-16 15:01:15,381 [rally-pec-system-akka.actor.default-dispatcher-4] INFO  ACCESS-LOG - GET /api-docs/ui status=200 responseTime=321980
2017-11-16 15:01:15,571 [rally-pec-system-akka.actor.default-dispatcher-3] INFO  ACCESS-LOG - GET /api-docs/swagger-ui-standalone-preset.js status=200 responseTime=14143
2017-11-16 15:01:15,572 [rally-pec-system-akka.actor.default-dispatcher-7] INFO  ACCESS-LOG - GET /api-docs/swagger-ui-bundle.js status=200 responseTime=15786
2017-11-16 15:01:15,579 [rally-pec-system-akka.actor.default-dispatcher-10] INFO  ACCESS-LOG - GET /api-docs/swagger-ui.css status=200 responseTime=22222
2017-11-16 15:01:17,177 [rally-pec-system-akka.actor.default-dispatcher-6] INFO  ACCESS-LOG - GET /api-docs/favicon-32x32.png status=200 responseTime=8609
2017-11-16 15:01:17,220 [rally-pec-system-akka.actor.default-dispatcher-6] INFO  ACCESS-LOG - GET /api-docs/favicon-16x16.png status=200 responseTime=7271
2017-11-16 15:01:18,331 [rally-pec-system-akka.actor.default-dispatcher-8] INFO  ACCESS-LOG - GET /api-docs/swagger.json status=200 responseTime=1291696
2017-11-16 15:01:42,611 [rally-pec-system-akka.actor.default-dispatcher-11] INFO  ACCESS-LOG - OPTIONS /user/jhdsgjs/servicepacks status=200 responseTime=3829
2017-11-16 15:02:15,032 [rally-pec-system-akka.actor.default-dispatcher-11] INFO  ACCESS-LOG - OPTIONS /user/jhdsgjs/servicepacks status=200 responseTime=652
2017-11-16 15:02:16,121 [rally-pec-system-akka.actor.default-dispatcher-10] INFO  ACCESS-LOG - OPTIONS /user/jhdsgjs/servicepacks status=200 responseTime=581
2017-11-16 15:02:16,633 [rally-pec-system-akka.actor.default-dispatcher-10] INFO  ACCESS-LOG - OPTIONS /user/jhdsgjs/servicepacks status=200 responseTime=582
2017-11-16 15:02:17,118 [rally-pec-system-akka.actor.default-dispatcher-9] INFO  ACCESS-LOG - OPTIONS /user/jhdsgjs/servicepacks status=200 responseTime=559
2017-11-16 15:03:19,775 [rally-pec-system-akka.actor.default-dispatcher-10] INFO  ACCESS-LOG - GET /user/jhdsgjs/servicepacks status=200 responseTime=19166122
2017-11-16 15:03:41,205 [rally-pec-system-akka.actor.default-dispatcher-11] INFO  ACCESS-LOG - GET /user/jhdsgjs/servicepacks status=200 responseTime=10037235
2017-11-16 15:07:13,697 [rally-pec-system-akka.actor.default-dispatcher-6] INFO  ACCESS-LOG - GET /api-docs/ui status=200 responseTime=329125
2017-11-16 15:07:13,797 [rally-pec-system-akka.actor.default-dispatcher-9] INFO  ACCESS-LOG - GET /api-docs/swagger-ui-bundle.js status=200 responseTime=11007
2017-11-16 15:07:13,807 [rally-pec-system-akka.actor.default-dispatcher-11] INFO  ACCESS-LOG - GET /api-docs/swagger-ui.css status=200 responseTime=22708
2017-11-16 15:07:13,807 [rally-pec-system-akka.actor.default-dispatcher-10] INFO  ACCESS-LOG - GET /api-docs/swagger-ui-standalone-preset.js status=200 responseTime=7129
2017-11-16 15:07:15,004 [rally-pec-system-akka.actor.default-dispatcher-9] INFO  ACCESS-LOG - GET /api-docs/favicon-32x32.png status=200 responseTime=10811
2017-11-16 15:07:15,042 [rally-pec-system-akka.actor.default-dispatcher-2] INFO  ACCESS-LOG - GET /api-docs/favicon-16x16.png status=200 responseTime=9065
2017-11-16 15:07:15,822 [rally-pec-system-akka.actor.default-dispatcher-10] INFO  ACCESS-LOG - GET /api-docs/swagger.json status=200 responseTime=951141
2017-11-16 15:07:24,057 [rally-pec-system-akka.actor.default-dispatcher-30] INFO  ACCESS-LOG - OPTIONS /user/dfdsfdsfsdf/servicepacks status=200 responseTime=6596
2017-11-16 15:07:29,476 [rally-pec-system-akka.actor.default-dispatcher-2] INFO  ACCESS-LOG - OPTIONS /user/dfdsfdsfsdf/servicepacks status=200 responseTime=688
2017-11-16 15:07:30,333 [rally-pec-system-akka.actor.default-dispatcher-2] INFO  ACCESS-LOG - OPTIONS /user/dfdsfdsfsdf/servicepacks status=200 responseTime=577
2017-11-16 15:07:31,853 [rally-pec-system-akka.actor.default-dispatcher-2] INFO  ACCESS-LOG - OPTIONS /user/dfdsfdsfsdf/servicepacks status=200 responseTime=825
2017-11-16 15:07:33,701 [rally-pec-system-akka.actor.default-dispatcher-8] INFO  ACCESS-LOG - OPTIONS /user/dfdsfdsfsdf/servicepacks status=200 responseTime=585
2017-11-16 15:07:34,501 [rally-pec-system-akka.actor.default-dispatcher-2] INFO  ACCESS-LOG - OPTIONS /user/dfdsfdsfsdf/servicepacks status=200 responseTime=610
2017-11-16 15:07:34,827 [rally-pec-system-akka.actor.default-dispatcher-7] INFO  ACCESS-LOG - OPTIONS /user/dfdsfdsfsdf/servicepacks status=200 responseTime=663
2017-11-16 15:07:35,144 [rally-pec-system-akka.actor.default-dispatcher-7] INFO  ACCESS-LOG - OPTIONS /user/dfdsfdsfsdf/servicepacks status=200 responseTime=626
2017-11-16 15:07:35,277 [rally-pec-system-akka.actor.default-dispatcher-7] INFO  ACCESS-LOG - OPTIONS /user/dfdsfdsfsdf/servicepacks status=200 responseTime=883
2017-11-16 15:07:35,416 [rally-pec-system-akka.actor.default-dispatcher-7] INFO  ACCESS-LOG - OPTIONS /user/dfdsfdsfsdf/servicepacks status=200 responseTime=464
2017-11-16 15:08:00,652 [rally-pec-system-akka.actor.default-dispatcher-8] INFO  ACCESS-LOG - GET /user/dfdsfdsfsdf/servicepacks status=406 responseTime=13180368
2017-11-16 15:11:43,658 [rally-pec-system-akka.actor.default-dispatcher-3] INFO  ACCESS-LOG - GET /api-docs/ui status=200 responseTime=331642
2017-11-16 15:11:43,743 [rally-pec-system-akka.actor.default-dispatcher-6] INFO  ACCESS-LOG - GET /api-docs/swagger-ui.css status=200 responseTime=6897
2017-11-16 15:11:43,763 [rally-pec-system-akka.actor.default-dispatcher-4] INFO  ACCESS-LOG - GET /api-docs/swagger-ui-standalone-preset.js status=200 responseTime=24634
2017-11-16 15:11:43,769 [rally-pec-system-akka.actor.default-dispatcher-2] INFO  ACCESS-LOG - GET /api-docs/swagger-ui-bundle.js status=200 responseTime=7523
2017-11-16 15:11:44,959 [rally-pec-system-akka.actor.default-dispatcher-3] INFO  ACCESS-LOG - GET /api-docs/favicon-32x32.png status=200 responseTime=7214
2017-11-16 15:11:45,006 [rally-pec-system-akka.actor.default-dispatcher-30] INFO  ACCESS-LOG - GET /api-docs/favicon-16x16.png status=200 responseTime=4350
2017-11-16 15:11:45,762 [rally-pec-system-akka.actor.default-dispatcher-2] INFO  ACCESS-LOG - GET /api-docs/swagger.json status=200 responseTime=995914
2017-11-16 15:11:54,476 [rally-pec-system-akka.actor.default-dispatcher-9] INFO  ACCESS-LOG - OPTIONS /user/sdfsdffs/servicepacks status=200 responseTime=4093
2017-11-16 15:12:10,985 [rally-pec-system-akka.actor.default-dispatcher-11] INFO  ACCESS-LOG - GET /api-docs/swagger-ui.css status=304 responseTime=5084
2017-11-16 15:12:10,992 [rally-pec-system-akka.actor.default-dispatcher-6] INFO  ACCESS-LOG - GET /api-docs/swagger-ui-bundle.js.map status=200 responseTime=9253
2017-11-16 15:12:11,007 [rally-pec-system-akka.actor.default-dispatcher-9] INFO  ACCESS-LOG - GET /api-docs/swagger-ui-standalone-preset.js.map status=200 responseTime=17126
2017-11-16 15:12:11,156 [rally-pec-system-akka.actor.default-dispatcher-10] INFO  ACCESS-LOG - GET /api-docs/swagger-ui.css.map status=200 responseTime=10678
2017-11-16 15:12:15,712 [rally-pec-system-akka.actor.default-dispatcher-7] INFO  ACCESS-LOG - GET /api-docs/ui status=304 responseTime=2399
2017-11-16 15:12:15,747 [rally-pec-system-akka.actor.default-dispatcher-7] INFO  ACCESS-LOG - GET /api-docs/swagger-ui-bundle.js status=304 responseTime=1782
2017-11-16 15:12:15,748 [rally-pec-system-akka.actor.default-dispatcher-8] INFO  ACCESS-LOG - GET /api-docs/swagger-ui-standalone-preset.js status=304 responseTime=1514
2017-11-16 15:12:15,749 [rally-pec-system-akka.actor.default-dispatcher-11] INFO  ACCESS-LOG - GET /api-docs/swagger-ui.css status=304 responseTime=3559
2017-11-16 15:12:16,800 [rally-pec-system-akka.actor.default-dispatcher-6] INFO  ACCESS-LOG - GET /api-docs/swagger-ui-bundle.js.map status=304 responseTime=2401
2017-11-16 15:12:16,804 [rally-pec-system-akka.actor.default-dispatcher-4] INFO  ACCESS-LOG - GET /api-docs/swagger-ui-standalone-preset.js.map status=304 responseTime=2727
2017-11-16 15:12:16,828 [rally-pec-system-akka.actor.default-dispatcher-9] INFO  ACCESS-LOG - GET /api-docs/swagger-ui.css.map status=304 responseTime=2030
2017-11-16 15:12:17,041 [rally-pec-system-akka.actor.default-dispatcher-9] INFO  ACCESS-LOG - GET /api-docs/swagger.json status=200 responseTime=184214
2017-11-16 15:12:29,511 [rally-pec-system-akka.actor.default-dispatcher-4] INFO  ACCESS-LOG - GET /api-docs/swagger-ui.css status=304 responseTime=2265
2017-11-16 15:12:29,557 [rally-pec-system-akka.actor.default-dispatcher-3] INFO  ACCESS-LOG - GET /api-docs/swagger-ui-bundle.js.map status=304 responseTime=1685
2017-11-16 15:12:29,558 [rally-pec-system-akka.actor.default-dispatcher-10] INFO  ACCESS-LOG - GET /api-docs/swagger-ui-standalone-preset.js.map status=304 responseTime=1523
2017-11-16 15:12:29,584 [rally-pec-system-akka.actor.default-dispatcher-10] INFO  ACCESS-LOG - GET /api-docs/swagger-ui.css.map status=304 responseTime=1599
2017-11-16 15:12:52,929 [rally-pec-system-akka.actor.default-dispatcher-10] INFO  ACCESS-LOG - OPTIONS /user/dfgfxgfdg/servicepacks status=200 responseTime=577
2017-11-16 15:15:12,036 [rally-pec-system-akka.actor.default-dispatcher-7] INFO  ACCESS-LOG - GET /api-docs/ui status=200 responseTime=197429
2017-11-16 15:15:12,081 [rally-pec-system-akka.actor.default-dispatcher-12] INFO  ACCESS-LOG - GET /api-docs/swagger-ui-bundle.js status=200 responseTime=7706
2017-11-16 15:15:12,082 [rally-pec-system-akka.actor.default-dispatcher-2] INFO  ACCESS-LOG - GET /api-docs/swagger-ui.css status=200 responseTime=11470
2017-11-16 15:15:12,094 [rally-pec-system-akka.actor.default-dispatcher-11] INFO  ACCESS-LOG - GET /api-docs/swagger-ui-standalone-preset.js status=200 responseTime=16481
2017-11-16 15:15:14,228 [rally-pec-system-akka.actor.default-dispatcher-2] INFO  ACCESS-LOG - GET /api-docs/swagger.json status=200 responseTime=1163863
2017-11-16 15:15:33,693 [rally-pec-system-akka.actor.default-dispatcher-32] INFO  ACCESS-LOG - OPTIONS /user/dvdv/servicepacks status=200 responseTime=3501
2017-11-16 15:15:36,298 [rally-pec-system-akka.actor.default-dispatcher-8] INFO  ACCESS-LOG - GET /user/dvdv/servicepacks status=406 responseTime=2569422
2017-11-16 15:17:01,559 [rally-pec-system-akka.actor.default-dispatcher-2] INFO  ACCESS-LOG - GET /api-docs/ui status=200 responseTime=348964
2017-11-16 15:17:01,632 [rally-pec-system-akka.actor.default-dispatcher-7] INFO  ACCESS-LOG - GET /api-docs/swagger-ui-bundle.js status=200 responseTime=13966
2017-11-16 15:17:01,633 [rally-pec-system-akka.actor.default-dispatcher-13] INFO  ACCESS-LOG - GET /api-docs/swagger-ui-standalone-preset.js status=200 responseTime=16511
2017-11-16 15:17:01,637 [rally-pec-system-akka.actor.default-dispatcher-3] INFO  ACCESS-LOG - GET /api-docs/swagger-ui.css status=200 responseTime=8637
2017-11-16 15:17:02,686 [rally-pec-system-akka.actor.default-dispatcher-7] INFO  ACCESS-LOG - GET /api-docs/favicon-32x32.png status=200 responseTime=9979
2017-11-16 15:17:02,715 [rally-pec-system-akka.actor.default-dispatcher-7] INFO  ACCESS-LOG - GET /api-docs/favicon-16x16.png status=200 responseTime=9619
2017-11-16 15:17:03,505 [rally-pec-system-akka.actor.default-dispatcher-2] INFO  ACCESS-LOG - GET /api-docs/swagger.json status=200 responseTime=903466
2017-11-16 15:17:12,990 [rally-pec-system-akka.actor.default-dispatcher-32] INFO  ACCESS-LOG - OPTIONS /user/fghgfhghgfh/servicepacks status=200 responseTime=4196
2017-11-16 15:17:20,863 [rally-pec-system-akka.actor.default-dispatcher-11] INFO  ACCESS-LOG - GET /user/fghgfhghgfh/servicepacks status=200 responseTime=7866771
2017-11-16 15:29:26,561 [rally-pec-system-akka.actor.default-dispatcher-6] INFO  ACCESS-LOG - GET /api-docs/ui status=200 responseTime=311708
2017-11-16 15:29:26,637 [rally-pec-system-akka.actor.default-dispatcher-4] INFO  ACCESS-LOG - GET /api-docs/swagger-ui.css status=200 responseTime=9010
2017-11-16 15:29:26,640 [rally-pec-system-akka.actor.default-dispatcher-2] INFO  ACCESS-LOG - GET /api-docs/swagger-ui-bundle.js status=200 responseTime=9287
2017-11-16 15:29:26,640 [rally-pec-system-akka.actor.default-dispatcher-7] INFO  ACCESS-LOG - GET /api-docs/swagger-ui-standalone-preset.js status=200 responseTime=12382
2017-11-16 15:29:27,879 [rally-pec-system-akka.actor.default-dispatcher-28] INFO  ACCESS-LOG - GET /api-docs/favicon-32x32.png status=200 responseTime=7099
2017-11-16 15:29:27,926 [rally-pec-system-akka.actor.default-dispatcher-29] INFO  ACCESS-LOG - GET /api-docs/favicon-16x16.png status=200 responseTime=10210
2017-11-16 15:29:28,703 [rally-pec-system-akka.actor.default-dispatcher-2] INFO  ACCESS-LOG - GET /api-docs/swagger.json status=200 responseTime=902539
2017-11-16 15:30:04,048 [rally-pec-system-akka.actor.default-dispatcher-9] INFO  ACCESS-LOG - OPTIONS /project/releases/TWS_0518_Americano,TWS_0420_Macchiato%20/details status=200 responseTime=4648
2017-11-16 15:30:13,238 [rally-pec-system-akka.actor.default-dispatcher-30] INFO  ACCESS-LOG - GET /project/releases/TWS_0518_Americano,TWS_0420_Macchiato%20/details status=200 responseTime=9172361
2017-11-16 15:31:42,819 [rally-pec-system-akka.actor.default-dispatcher-8] INFO  ACCESS-LOG - GET /api-docs/ui status=200 responseTime=265103
2017-11-16 15:31:42,889 [rally-pec-system-akka.actor.default-dispatcher-6] INFO  ACCESS-LOG - GET /api-docs/swagger-ui.css status=200 responseTime=13694
2017-11-16 15:31:42,899 [rally-pec-system-akka.actor.default-dispatcher-2] INFO  ACCESS-LOG - GET /api-docs/swagger-ui-standalone-preset.js status=200 responseTime=15152
2017-11-16 15:31:42,904 [rally-pec-system-akka.actor.default-dispatcher-7] INFO  ACCESS-LOG - GET /api-docs/swagger-ui-bundle.js status=200 responseTime=9629
2017-11-16 15:31:44,710 [rally-pec-system-akka.actor.default-dispatcher-8] INFO  ACCESS-LOG - GET /api-docs/swagger.json status=200 responseTime=857095
2017-11-16 15:32:14,448 [rally-pec-system-akka.actor.default-dispatcher-10] INFO  ACCESS-LOG - OPTIONS /project/releases/TWS_0518_Americano,TWS_0420_Macchiato/details status=200 responseTime=4271
2017-11-16 15:32:16,803 [rally-pec-system-akka.actor.default-dispatcher-32] INFO  ACCESS-LOG - GET /project/releases/TWS_0518_Americano,TWS_0420_Macchiato/details status=200 responseTime=2332470
2017-11-16 16:54:54,280 [rally-pec-system-akka.actor.default-dispatcher-2] INFO  ACCESS-LOG - GET /api-docs/ui status=200 responseTime=231605
2017-11-16 16:54:54,358 [rally-pec-system-akka.actor.default-dispatcher-13] INFO  ACCESS-LOG - GET /api-docs/swagger-ui-bundle.js status=200 responseTime=8208
2017-11-16 16:54:54,358 [rally-pec-system-akka.actor.default-dispatcher-3] INFO  ACCESS-LOG - GET /api-docs/swagger-ui.css status=200 responseTime=8573
2017-11-16 16:54:54,364 [rally-pec-system-akka.actor.default-dispatcher-6] INFO  ACCESS-LOG - GET /api-docs/swagger-ui-standalone-preset.js status=200 responseTime=14117
2017-11-16 16:54:56,959 [rally-pec-system-akka.actor.default-dispatcher-8] INFO  ACCESS-LOG - GET /api-docs/swagger.json status=200 responseTime=1255535
2017-11-16 16:55:12,663 [rally-pec-system-akka.actor.default-dispatcher-7] INFO  ACCESS-LOG - GET /health/ping status=200 responseTime=5261
2017-11-16 16:55:42,941 [rally-pec-system-akka.actor.default-dispatcher-10] INFO  ACCESS-LOG - OPTIONS /project/releases/TWS_0518_Americano,TWS_0420_Macchiato/details status=200 responseTime=3899
2017-11-16 16:55:45,956 [rally-pec-system-akka.actor.default-dispatcher-2] INFO  ACCESS-LOG - GET /project/releases/TWS_0518_Americano,TWS_0420_Macchiato/details status=200 responseTime=2992054
2017-11-16 17:08:36,771 [rally-pec-system-akka.actor.default-dispatcher-9] INFO  ACCESS-LOG - GET /health/ping status=200 responseTime=9629
2017-11-16 17:09:02,149 [rally-pec-system-akka.actor.default-dispatcher-9] INFO  ACCESS-LOG - OPTIONS /project/releases/TWS_0518_Americano,TWS_0420_Macchiato/details status=200 responseTime=950
2017-11-16 17:09:05,301 [rally-pec-system-akka.actor.default-dispatcher-33] INFO  ACCESS-LOG - GET /project/releases/TWS_0518_Americano,TWS_0420_Macchiato/details status=200 responseTime=3132493
2017-11-16 17:10:38,245 [rally-pec-system-akka.actor.default-dispatcher-34] INFO  ACCESS-LOG - OPTIONS /project/releases/TWS_0420_Macchiato/details status=200 responseTime=659
2017-11-16 17:10:39,208 [rally-pec-system-akka.actor.default-dispatcher-9] INFO  ACCESS-LOG - GET /project/releases/TWS_0420_Macchiato/details status=200 responseTime=938069
2017-11-16 17:10:50,697 [rally-pec-system-akka.actor.default-dispatcher-9] INFO  ACCESS-LOG - OPTIONS /project/releases/TWS_0420_Macchiat/details status=200 responseTime=707
2017-11-16 17:10:51,836 [rally-pec-system-akka.actor.default-dispatcher-34] INFO  ACCESS-LOG - GET /project/releases/TWS_0420_Macchiat/details status=200 responseTime=1114644
